     24 2001:470:1f13:299:0:5:c0a8:2a19
      9 2001:470:28:81:1057:13aa:6b17:5fff
     22 2001:4b98:dc0:45:216:3eff:feee:d056
     12 2001:648:2800:112:988c:1700:b5e8:2d
     13 2001:718:1803:44:65c6:b88d:cdcb:e6d
     13 2001:718:1803:44:71eb:2fde:7ed9:559b
      1 2002:55b7:5f14:0:17c:f31c:6022:374
      3 2602:306:ccb2:d3c0:b51b:d1a6:71d4:130d
      7 2607:fad8:4:6:3dea:4f18:56bf:8b8
      1 2620:101:4037:3a03:150:70:97:112
      1 2620:101:4037:3a03:150:70:97:113
      2 2620:101:4037:3a03:150:70:97:116
      1 2620:101:4037:3a03:150:70:97:119
      1 2620:101:4037:3a03:150:70:97:120
      1 2620:101:4037:3a03:150:70:97:121
      1 2620:101:4037:3a03:150:70:97:124
      1 2620:101:4037:3a03:150:70:97:125
      1 2620:101:4037:3a03:150:70:97:126
      1 2620:101:4037:3a03:150:70:97:69
      1 2620:101:4037:3a03:150:70:97:97
      1 2620:101:4037:3a03:150:70:97:99
     13 2620:110:d000:1:b98f:8af5:98af:6a07
      1 2a01:e0b:1000:37:5150:d00b:c010:4ab7
      3 2a01:e34:ed7a:c100:c04c:1151:20c6:b3e
      1 2a01:e35:2e4b:d180:4866:fc9a:8052:b660
      2 2a01:e35:2eec:a210:3168:c44a:1a44:2c2b
      1 2a02:200:3001:1f:381d:3de5:5483:b75f
      1 2a02:2278:70eb:101:1ec1:deff:fe0b:17d8
     83 2a02:6b8:0:401:222:4dff:fe55:d193
